-------------------------------------------------------------------------------
Test set: com.castgroup.apirest.RestApplicationTests
-------------------------------------------------------------------------------
Tests run: 2, Failures: 0, Errors: 2, Skipped: 0, Time elapsed: 2.953 s <<< FAILURE! - in com.castgroup.apirest.RestApplicationTests
contextLoads(com.castgroup.apirest.RestApplicationTests)  Time elapsed: 0.829 s  <<< ERROR!
java.lang.IllegalStateException: Failed to execute SQL scripts for test context [DefaultTestContext@4450d156 testClass = RestApplicationTests, testInstance = com.castgroup.apirest.RestApplicationTests@448ff1a8, testMethod = contextLoads@RestApplicationTests, testException = [null], mergedContextConfiguration = [MergedContextConfiguration@4461c7e3 testClass = RestApplicationTests, locations = '{}', classes = '{}', contextInitializerClasses = '[]', activeProfiles = '{}', propertySourceLocations = '{classpath:application-test.properties}', propertySourceProperties = '{}', contextCustomizers = set[org.springframework.boot.test.context.filter.ExcludeFilterContextCustomizer@2e3fc542, org.springframework.boot.test.json.DuplicateJsonObjectContextCustomizerFactory$DuplicateJsonObjectContextCustomizer@401e7803, org.springframework.boot.test.mock.mockito.MockitoContextCustomizer@0, org.springframework.boot.test.autoconfigure.properties.PropertyMappingContextCustomizer@0, org.springframework.boot.test.autoconfigure.web.servlet.WebDriverContextCustomizerFactory$Customizer@61ca2dfa], contextLoader = 'org.springframework.test.context.support.DelegatingSmartContextLoader', parent = [null]], attributes = map[[empty]]]: supply at least a DataSource or PlatformTransactionManager.

contextLoads(com.castgroup.apirest.RestApplicationTests)  Time elapsed: 0.831 s  <<< ERROR!
java.lang.IllegalStateException: Failed to execute SQL scripts for test context [DefaultTestContext@4450d156 testClass = RestApplicationTests, testInstance = com.castgroup.apirest.RestApplicationTests@448ff1a8, testMethod = contextLoads@RestApplicationTests, testException = java.lang.IllegalStateException: Failed to execute SQL scripts for test context [DefaultTestContext@4450d156 testClass = RestApplicationTests, testInstance = com.castgroup.apirest.RestApplicationTests@448ff1a8, testMethod = contextLoads@RestApplicationTests, testException = [null], mergedContextConfiguration = [MergedContextConfiguration@4461c7e3 testClass = RestApplicationTests, locations = '{}', classes = '{}', contextInitializerClasses = '[]', activeProfiles = '{}', propertySourceLocations = '{classpath:application-test.properties}', propertySourceProperties = '{}', contextCustomizers = set[org.springframework.boot.test.context.filter.ExcludeFilterContextCustomizer@2e3fc542, org.springframework.boot.test.json.DuplicateJsonObjectContextCustomizerFactory$DuplicateJsonObjectContextCustomizer@401e7803, org.springframework.boot.test.mock.mockito.MockitoContextCustomizer@0, org.springframework.boot.test.autoconfigure.properties.PropertyMappingContextCustomizer@0, org.springframework.boot.test.autoconfigure.web.servlet.WebDriverContextCustomizerFactory$Customizer@61ca2dfa], contextLoader = 'org.springframework.test.context.support.DelegatingSmartContextLoader', parent = [null]], attributes = map[[empty]]]: supply at least a DataSource or PlatformTransactionManager., mergedContextConfiguration = [MergedContextConfiguration@4461c7e3 testClass = RestApplicationTests, locations = '{}', classes = '{}', contextInitializerClasses = '[]', activeProfiles = '{}', propertySourceLocations = '{classpath:application-test.properties}', propertySourceProperties = '{}', contextCustomizers = set[org.springframework.boot.test.context.filter.ExcludeFilterContextCustomizer@2e3fc542, org.springframework.boot.test.json.DuplicateJsonObjectContextCustomizerFactory$DuplicateJsonObjectContextCustomizer@401e7803, org.springframework.boot.test.mock.mockito.MockitoContextCustomizer@0, org.springframework.boot.test.autoconfigure.properties.PropertyMappingContextCustomizer@0, org.springframework.boot.test.autoconfigure.web.servlet.WebDriverContextCustomizerFactory$Customizer@61ca2dfa], contextLoader = 'org.springframework.test.context.support.DelegatingSmartContextLoader', parent = [null]], attributes = map[[empty]]]: supply at least a DataSource or PlatformTransactionManager.

